📊 Portfolio Tracker - 2026-03-01 08:00:03
--------------------------------------------------
⚠️ Nessun portafoglio trovato!
Crea un file CSV in: /Users/jacopochimenti/Documents/portfolio.csv
Formato: symbol,amount
Esempio: BTC,0.5
📊 Portfolio Tracker - 2026-03-02 08:00:00
--------------------------------------------------
⚠️ Nessun portafoglio trovato!
Crea un file CSV in: /Users/jacopochimenti/Documents/portfolio.csv
Formato: symbol,amount
Esempio: BTC,0.5
📊 Portfolio Tracker - 2026-03-03 08:00:01
--------------------------------------------------
⚠️ Nessun portafoglio trovato!
Crea un file CSV in: /Users/jacopochimenti/Documents/portfolio.csv
Formato: symbol,amount
Esempio: BTC,0.5
📊 Portfolio Tracker - 2026-03-04 08:00:03
--------------------------------------------------
⚠️ Nessun portafoglio trovato!
Crea un file CSV in: /Users/jacopochimenti/Documents/portfolio.csv
Formato: symbol,amount
Esempio: BTC,0.5
